  0217study.c
C:\Users\USER\test1\study test\0217study\GetSum.h(1,4): error C2061: 구문 오류: 식별자 'GetSum'
C:\Users\USER\test1\study test\0217study\GetSum.h(1,4): error C2059: 구문 오류: ';'
C:\Users\USER\test1\study test\0217study\GetSum.h(1,15): error C2059: 구문 오류: '<parameter-list>'
C:\Users\USER\test1\study test\0217study\0217study.c(9,8): warning C4013: 'GetSum'이(가) 정의되지 않았습니다. extern은 int형을 반환하는 것으로 간주합니다.
